<?xml version="1.0" encoding="UTF-8"?>
<!-- Generated by org.testng.reporters.JUnitXMLReporter -->
<testsuite hostname="Santhosh-PC" name="Test" tests="5" failures="0" timestamp="15 Oct 2018 10:47:52 GMT" time="99.854" errors="0">
  <testcase name="Br" time="31.29" classname="com.ebanking.master.BranchNg"/>
  <testcase name="Rol" time="15.447" classname="com.ebanking.master.RoleNG"/>
  <testcase name="Rol" time="15.383" classname="com.ebanking.master.RoleNG"/>
  <testcase name="Rol" time="15.472" classname="com.ebanking.master.RoleNG"/>
  <testcase name="Rol" time="15.445" classname="com.ebanking.master.RoleNG"/>
</testsuite> <!-- Test -->
