<?xml version="1.0" encoding="UTF-8"?>
<testng-results skipped="0" failed="0" total="2" passed="2">
  <reporter-output>
  </reporter-output>
  <suite name="Suite" duration-ms="43576" started-at="2019-05-30T06:12:31Z" finished-at="2019-05-30T06:13:14Z">
    <groups>
    </groups>
    <test name="on firefox" duration-ms="43576" started-at="2019-05-30T06:12:31Z" finished-at="2019-05-30T06:13:14Z">
      <class name="com.ebanking.master.Sgridmay">
        <test-method status="PASS" signature="grid(java.lang.String)[pri:0, instance:com.ebanking.master.Sgridmay@10399e]" name="grid" duration-ms="43552" started-at="2019-05-30T11:42:31Z" finished-at="2019-05-30T11:43:14Z">
          <params>
            <param index="0">
              <value>
                <![CDATA[firefox]]>
              </value>
            </param>
          </params>
          <reporter-output>
          </reporter-output>
        </test-method> <!-- grid -->
      </class> <!-- com.ebanking.master.Sgridmay -->
    </test> <!-- on firefox -->
    <test name="on chrome" duration-ms="43482" started-at="2019-05-30T06:12:31Z" finished-at="2019-05-30T06:13:14Z">
      <class name="com.ebanking.master.Sgridmay">
        <test-method status="PASS" signature="grid(java.lang.String)[pri:0, instance:com.ebanking.master.Sgridmay@16905e]" name="grid" duration-ms="43422" started-at="2019-05-30T11:42:31Z" finished-at="2019-05-30T11:43:14Z">
          <params>
            <param index="0">
              <value>
                <![CDATA[chrome]]>
              </value>
            </param>
          </params>
          <reporter-output>
          </reporter-output>
        </test-method> <!-- grid -->
      </class> <!-- com.ebanking.master.Sgridmay -->
    </test> <!-- on chrome -->
  </suite> <!-- Suite -->
</testng-results>
